Determining if the pthread_create exist failed with the following output:
Change Dir: /home/savio/Documents/Ardupilot-Control/build/CMakeFiles/CMakeTmp

Run Build Command:"/usr/bin/make" "cmTC_10661/fast"
/usr/bin/make -f CMakeFiles/cmTC_10661.dir/build.make CMakeFiles/cmTC_10661.dir/build
make[1]: Entering directory '/home/savio/Documents/Ardupilot-Control/build/CMakeFiles/CMakeTmp'
Building C object CMakeFiles/cmTC_10661.dir/CheckSymbolExists.c.o
/usr/lib/ccache/cc     -o CMakeFiles/cmTC_10661.dir/CheckSymbolExists.c.o   -c /home/savio/Documents/Ardupilot-Control/build/CMakeFiles/CMakeTmp/CheckSymbolExists.c
Linking C executable cmTC_10661
/usr/bin/cmake -E cmake_link_script CMakeFiles/cmTC_10661.dir/link.txt --verbose=1
/usr/lib/ccache/cc       CMakeFiles/cmTC_10661.dir/CheckSymbolExists.c.o  -o cmTC_10661 -rdynamic 
CMakeFiles/cmTC_10661.dir/CheckSymbolExists.c.o: In function `main':
CheckSymbolExists.c:(.text+0x16): undefined reference to `pthread_create'
collect2: error: ld returned 1 exit status
CMakeFiles/cmTC_10661.dir/build.make:97: recipe for target 'cmTC_10661' failed
make[1]: *** [cmTC_10661] Error 1
make[1]: Leaving directory '/home/savio/Documents/Ardupilot-Control/build/CMakeFiles/CMakeTmp'
Makefile:126: recipe for target 'cmTC_10661/fast' failed
make: *** [cmTC_10661/fast] Error 2

File /home/savio/Documents/Ardupilot-Control/build/CMakeFiles/CMakeTmp/CheckSymbolExists.c:
/* */
#include <pthread.h>

int main(int argc, char** argv)
{
  (void)argv;
#ifndef pthread_create
  return ((int*)(&pthread_create))[argc];
#else
  (void)argc;
  return 0;
#endif
}

Determining if the function pthread_create exists in the pthreads failed with the following output:
Change Dir: /home/savio/Documents/Ardupilot-Control/build/CMakeFiles/CMakeTmp

Run Build Command:"/usr/bin/make" "cmTC_2de63/fast"
/usr/bin/make -f CMakeFiles/cmTC_2de63.dir/build.make CMakeFiles/cmTC_2de63.dir/build
make[1]: Entering directory '/home/savio/Documents/Ardupilot-Control/build/CMakeFiles/CMakeTmp'
Building C object CMakeFiles/cmTC_2de63.dir/CheckFunctionExists.c.o
/usr/lib/ccache/cc    -DCHECK_FUNCTION_EXISTS=pthread_create   -o CMakeFiles/cmTC_2de63.dir/CheckFunctionExists.c.o   -c /usr/share/cmake-3.5/Modules/CheckFunctionExists.c
Linking C executable cmTC_2de63
/usr/bin/cmake -E cmake_link_script CMakeFiles/cmTC_2de63.dir/link.txt --verbose=1
/usr/lib/ccache/cc   -DCHECK_FUNCTION_EXISTS=pthread_create    CMakeFiles/cmTC_2de63.dir/CheckFunctionExists.c.o  -o cmTC_2de63 -rdynamic -lpthreads 
/usr/bin/ld: cannot find -lpthreads
collect2: error: ld returned 1 exit status
CMakeFiles/cmTC_2de63.dir/build.make:97: recipe for target 'cmTC_2de63' failed
make[1]: *** [cmTC_2de63] Error 1
make[1]: Leaving directory '/home/savio/Documents/Ardupilot-Control/build/CMakeFiles/CMakeTmp'
Makefile:126: recipe for target 'cmTC_2de63/fast' failed
make: *** [cmTC_2de63/fast] Error 2


